\BOOKMARK [0][-]{chapter.1}{Acknowledgmenets}{}% 1
\BOOKMARK [0][-]{chapter.2}{Declaration}{}% 2
\BOOKMARK [0][-]{chapter.3}{Abstract}{}% 3
\BOOKMARK [0][-]{chapter.4}{Introduction}{}% 4
\BOOKMARK [0][-]{chapter.5}{Background\040Literature\040Survey}{}% 5
\BOOKMARK [1][-]{section.5.1}{Hardware\040Requirements}{chapter.5}% 6
\BOOKMARK [1][-]{section.5.2}{Open\040Source\040Software}{chapter.5}% 7
\BOOKMARK [1][-]{section.5.3}{Client\040Tracking}{chapter.5}% 8
\BOOKMARK [0][-]{chapter.6}{Concepts,\040Modelling,\040and\040Design}{}% 9
\BOOKMARK [0][-]{chapter.7}{Implementation\040and\040Testing}{}% 10
\BOOKMARK [1][-]{section.7.1}{Audio\040Server\040Software\040Testing\040Implementation}{chapter.7}% 11
\BOOKMARK [1][-]{section.7.2}{Audio\040Server\040Testing\040Procedure}{chapter.7}% 12
\BOOKMARK [0][-]{chapter.8}{Results\040and\040Analysis}{}% 13
\BOOKMARK [1][-]{section.8.1}{Audio\040Server\040Software\040}{chapter.8}% 14
\BOOKMARK [1][-]{section.8.2}{Client\040Tracking}{chapter.8}% 15
\BOOKMARK [0][-]{chapter.9}{Ethics}{}% 16
\BOOKMARK [1][-]{section.9.1}{Audio\040Tracks}{chapter.9}% 17
\BOOKMARK [1][-]{section.9.2}{Listener\040Tracking}{chapter.9}% 18
\BOOKMARK [0][-]{chapter.10}{Conclusions\040and\040Recommendations}{}% 19
\BOOKMARK [0][-]{chapter.11}{Appendix\040}{}% 20
\BOOKMARK [1][-]{section.11.1}{Audio\040Server\040Software\040Munin\040Data}{chapter.11}% 21
\BOOKMARK [1][-]{section.11.2}{Audio\040Server\040Software\040Munin\040Data\040Tables\040}{chapter.11}% 22
